Performing C++ SOURCE FILE Test _fcolor_diagnostics failed with the following output:
Change Dir: /home/sololtin2001/CodeForces/build/CMakeFiles/CMakeTmp

Run Build Command(s):/usr/bin/gmake -f Makefile cmTC_afafd/fast && /usr/bin/gmake  -f CMakeFiles/cmTC_afafd.dir/build.make CMakeFiles/cmTC_afafd.dir/build
gmake[1]: Entering directory '/home/sololtin2001/CodeForces/build/CMakeFiles/CMakeTmp'
Building CXX object CMakeFiles/cmTC_afafd.dir/src.cxx.o
/usr/bin/c++ -D_fcolor_diagnostics  -fcolor-diagnostics -std=c++23 -o CMakeFiles/cmTC_afafd.dir/src.cxx.o -c /home/sololtin2001/CodeForces/build/CMakeFiles/CMakeTmp/src.cxx
c++: error: unrecognized command-line option '-fcolor-diagnostics'
gmake[1]: *** [CMakeFiles/cmTC_afafd.dir/build.make:78: CMakeFiles/cmTC_afafd.dir/src.cxx.o] Error 1
gmake[1]: Leaving directory '/home/sololtin2001/CodeForces/build/CMakeFiles/CMakeTmp'
gmake: *** [Makefile:127: cmTC_afafd/fast] Error 2


Source file was:
int main() { return 0; }
Performing C++ SOURCE FILE Test _fsanitize_address failed with the following output:
Change Dir: /home/sololtin2001/CodeForces/build/CMakeFiles/CMakeTmp

Run Build Command(s):/usr/bin/gmake -f Makefile cmTC_97c6d/fast && /usr/bin/gmake  -f CMakeFiles/cmTC_97c6d.dir/build.make CMakeFiles/cmTC_97c6d.dir/build
gmake[1]: Entering directory '/home/sololtin2001/CodeForces/build/CMakeFiles/CMakeTmp'
Building CXX object CMakeFiles/cmTC_97c6d.dir/src.cxx.o
/usr/bin/c++ -D_fsanitize_address  -fsanitize=address -std=c++23 -o CMakeFiles/cmTC_97c6d.dir/src.cxx.o -c /home/sololtin2001/CodeForces/build/CMakeFiles/CMakeTmp/src.cxx
Linking CXX executable cmTC_97c6d
/usr/bin/cmake -E cmake_link_script CMakeFiles/cmTC_97c6d.dir/link.txt --verbose=1
/usr/bin/c++ CMakeFiles/cmTC_97c6d.dir/src.cxx.o -o cmTC_97c6d 
/usr/bin/ld: CMakeFiles/cmTC_97c6d.dir/src.cxx.o: in function `_sub_I_00099_0':
src.cxx:(.text+0x18): undefined reference to `__asan_init'
/usr/bin/ld: src.cxx:(.text+0x1d): undefined reference to `__asan_version_mismatch_check_v8'
collect2: error: ld returned 1 exit status
gmake[1]: *** [CMakeFiles/cmTC_97c6d.dir/build.make:99: cmTC_97c6d] Error 1
gmake[1]: Leaving directory '/home/sololtin2001/CodeForces/build/CMakeFiles/CMakeTmp'
gmake: *** [Makefile:127: cmTC_97c6d/fast] Error 2


Source file was:
int main() { return 0; }
